Arguments: 
  /snap/node/5645/bin/node /usr/local/bin/yarn add --dev node-sass

PATH: 
  /home/ridho/.local/bin:/usr/local/sbin:/usr/local/bin:/usr/sbin:/usr/bin:/sbin:/bin:/usr/games:/usr/local/games:/snap/bin

Yarn version: 
  1.22.17

Node version: 
  16.13.1

Platform: 
  linux x64

Trace: 
  SyntaxError: /home/ridho/freelance/tiy-web/package.json: Unexpected token } in JSON at position 194
      at JSON.parse (<anonymous>)
      at /usr/local/lib/node_modules/yarn/lib/cli.js:1625:59
      at Generator.next (<anonymous>)
      at step (/usr/local/lib/node_modules/yarn/lib/cli.js:310:30)
      at /usr/local/lib/node_modules/yarn/lib/cli.js:321:13

npm manifest: 
  {
    "name": "tiy-web",
    "version": "1.0.0",
    "main": "index.js",
    "license": "MIT",
    "scripts": {
      "start": "parcel index.html",
      "build": "parcel build index.html --public url ./",
    }
  }

yarn manifest: 
  No manifest

Lockfile: 
  No lockfile
